<?xml version="1.0" encoding="UTF-8"?>
<Site BuildName="Linux-c++"
	BuildStamp="20210112-2040-Experimental"
	Name="mehdi-IdeaPad"
	Generator="ctest-3.16.3"
	CompilerName="/usr/bin/c++"
	CompilerVersion="9.3.0"
	OSName="Linux"
	Hostname="mehdi-IdeaPad"
	OSRelease="5.8.0-36-generic"
	OSVersion="#40~20.04.1-Ubuntu SMP Wed Jan 6 10:15:55 UTC 2021"
	OSPlatform="x86_64"
	Is64Bits="1"
	VendorString="GenuineIntel"
	VendorID="Intel Corporation"
	FamilyID="6"
	ModelID="140"
	ProcessorCacheSize="8192"
	NumberOfLogicalCPU="8"
	NumberOfPhysicalCPU="4"
	TotalVirtualMemory="2047"
	TotalPhysicalMemory="15811"
	LogicalProcessorsPerPhysical="2"
	ProcessorClockFrequency="3901.39"
	>
	<Testing>
		<StartDateTime>Jan 12 21:40 CET</StartDateTime>
		<StartTestTime>1610484040</StartTestTime>
		<TestList/>
		<EndDateTime>Jan 12 21:40 CET</EndDateTime>
		<EndTestTime>1610484040</EndTestTime>
		<ElapsedMinutes>0</ElapsedMinutes>
	</Testing>
</Site>
